<?xml version="1.0" encoding="UTF-8"?>
<testsuite name="CourseTest" tests="1" skipped="0" failures="0" errors="0" timestamp="2021-11-05T21:06:59" hostname="DESKTOP-80T8MTO" time="0.009">
  <properties/>
  <testcase name="testSetStudentList()" classname="CourseTest" time="0.009"/>
  <system-out><![CDATA[]]></system-out>
  <system-err><![CDATA[]]></system-err>
</testsuite>
